<?xml version="1.0" encoding="utf-8"?><testsuites><testsuite name="pytest" errors="0" failures="0" skipped="0" tests="10" time="210.753" timestamp="2021-03-04T08:20:09.325716" hostname="L17625"><testcase classname="test_otsFileDownload.TestFileDownload" name="test_MHU_file_download_TC008" time="19.189" /><testcase classname="test_otsFileDownload.TestFileDownload" name="test_MHI_file_download_TC009" time="8.919" /><testcase classname="test_otsFileUpload.TestUploadUsage" name="test_manualHU_fileUpload_TC001" time="34.694" /><testcase classname="test_otsFileUpload.TestUploadUsage" name="test_manualHI_fileUpload_TC002" time="24.275" /><testcase classname="test_otsFileUpload.TestUploadUsage" name="test_emailHU_fileUpload_TC003" time="14.338" /><testcase classname="test_otsFileUpload.TestUploadUsage" name="test_webscrape_HU_TC005" time="13.875" /><testcase classname="test_otsFileUpload.TestUploadUsage" name="test_webscrape_HI_TC006" time="30.490" /><testcase classname="test_otsFileUpload.TestUploadUsage" name="test_mass_upload_TC007" time="33.710" /><testcase classname="test_otsUsageRequest.TestUsageRequest" name="test_usage_request_COMED_TC010" time="14.618" /><testcase classname="test_otsUsageRequest.TestUsageRequest" name="test_usage_request_PGE_TC011" time="13.357" /></testsuite></testsuites>